\BOOKMARK [0][-]{chapter*.1}{\376\377\000A\000b\000s\000t\000r\000a\000c\000t}{}% 1
\BOOKMARK [0][-]{chapter.1}{\376\377\000I\000n\000t\000r\000o\000d\000u\000c\000t\000i\000o\000n}{}% 2
\BOOKMARK [1][-]{section.1.1}{\376\377\000B\000a\000c\000k\000g\000r\000o\000u\000n\000d\000\040\000a\000n\000d\000\040\000M\000o\000t\000i\000v\000a\000t\000i\000o\000n}{chapter.1}% 3
\BOOKMARK [1][-]{section.1.2}{\376\377\000P\000r\000o\000b\000l\000e\000m\000\040\000S\000t\000a\000t\000e\000m\000e\000n\000t}{chapter.1}% 4
\BOOKMARK [1][-]{section.1.3}{\376\377\000R\000e\000s\000e\000a\000r\000c\000h\000\040\000O\000b\000j\000e\000c\000t\000i\000v\000e\000s}{chapter.1}% 5
\BOOKMARK [2][-]{subsection.1.3.1}{\376\377\000P\000r\000i\000m\000a\000r\000y\000\040\000O\000b\000j\000e\000c\000t\000i\000v\000e\000s}{section.1.3}% 6
\BOOKMARK [2][-]{subsection.1.3.2}{\376\377\000S\000e\000c\000o\000n\000d\000a\000r\000y\000\040\000O\000b\000j\000e\000c\000t\000i\000v\000e\000s}{section.1.3}% 7
\BOOKMARK [1][-]{section.1.4}{\376\377\000S\000c\000o\000p\000e\000\040\000a\000n\000d\000\040\000L\000i\000m\000i\000t\000a\000t\000i\000o\000n\000s}{chapter.1}% 8
\BOOKMARK [2][-]{subsection.1.4.1}{\376\377\000S\000c\000o\000p\000e}{section.1.4}% 9
\BOOKMARK [2][-]{subsection.1.4.2}{\376\377\000L\000i\000m\000i\000t\000a\000t\000i\000o\000n\000s}{section.1.4}% 10
\BOOKMARK [1][-]{section.1.5}{\376\377\000R\000e\000s\000e\000a\000r\000c\000h\000\040\000M\000e\000t\000h\000o\000d\000o\000l\000o\000g\000y\000\040\000O\000v\000e\000r\000v\000i\000e\000w}{chapter.1}% 11
\BOOKMARK [1][-]{section.1.6}{\376\377\000E\000x\000p\000e\000c\000t\000e\000d\000\040\000C\000o\000n\000t\000r\000i\000b\000u\000t\000i\000o\000n\000s}{chapter.1}% 12
\BOOKMARK [1][-]{section.1.7}{\376\377\000T\000h\000e\000s\000i\000s\000\040\000O\000r\000g\000a\000n\000i\000z\000a\000t\000i\000o\000n}{chapter.1}% 13
\BOOKMARK [0][-]{chapter.2}{\376\377\000L\000i\000t\000e\000r\000a\000t\000u\000r\000e\000\040\000R\000e\000v\000i\000e\000w}{}% 14
\BOOKMARK [1][-]{section.2.1}{\376\377\000I\000n\000t\000r\000o\000d\000u\000c\000t\000i\000o\000n}{chapter.2}% 15
\BOOKMARK [1][-]{section.2.2}{\376\377\000T\000r\000a\000d\000i\000t\000i\000o\000n\000a\000l\000\040\000T\000r\000a\000f\000f\000i\000c\000\040\000M\000a\000n\000a\000g\000e\000m\000e\000n\000t\000\040\000S\000y\000s\000t\000e\000m\000s}{chapter.2}% 16
\BOOKMARK [2][-]{subsection.2.2.1}{\376\377\000F\000i\000x\000e\000d\000-\000T\000i\000m\000e\000\040\000T\000r\000a\000f\000f\000i\000c\000\040\000S\000i\000g\000n\000a\000l\000\040\000S\000y\000s\000t\000e\000m\000s}{section.2.2}% 17
\BOOKMARK [2][-]{subsection.2.2.2}{\376\377\000A\000c\000t\000u\000a\000t\000e\000d\000\040\000T\000r\000a\000f\000f\000i\000c\000\040\000S\000i\000g\000n\000a\000l\000\040\000S\000y\000s\000t\000e\000m\000s}{section.2.2}% 18
\BOOKMARK [1][-]{section.2.3}{\376\377\000M\000a\000c\000h\000i\000n\000e\000\040\000L\000e\000a\000r\000n\000i\000n\000g\000\040\000i\000n\000\040\000T\000r\000a\000f\000f\000i\000c\000\040\000M\000a\000n\000a\000g\000e\000m\000e\000n\000t}{chapter.2}% 19
\BOOKMARK [2][-]{subsection.2.3.1}{\376\377\000D\000e\000e\000p\000\040\000L\000e\000a\000r\000n\000i\000n\000g\000\040\000A\000p\000p\000r\000o\000a\000c\000h\000e\000s}{section.2.3}% 20
\BOOKMARK [2][-]{subsection.2.3.2}{\376\377\000O\000b\000j\000e\000c\000t\000\040\000D\000e\000t\000e\000c\000t\000i\000o\000n\000\040\000i\000n\000\040\000T\000r\000a\000f\000f\000i\000c\000\040\000M\000a\000n\000a\000g\000e\000m\000e\000n\000t}{section.2.3}% 21
\BOOKMARK [2][-]{subsection.2.3.3}{\376\377\000T\000r\000a\000f\000f\000i\000c\000\040\000F\000l\000o\000w\000\040\000P\000r\000e\000d\000i\000c\000t\000i\000o\000n}{section.2.3}% 22
\BOOKMARK [1][-]{section.2.4}{\376\377\000E\000m\000e\000r\000g\000e\000n\000c\000y\000\040\000V\000e\000h\000i\000c\000l\000e\000\040\000P\000r\000i\000o\000r\000i\000t\000i\000z\000a\000t\000i\000o\000n}{chapter.2}% 23
\BOOKMARK [2][-]{subsection.2.4.1}{\376\377\000P\000r\000i\000o\000r\000i\000t\000y\000-\000B\000a\000s\000e\000d\000\040\000T\000r\000a\000f\000f\000i\000c\000\040\000M\000a\000n\000a\000g\000e\000m\000e\000n\000t}{section.2.4}% 24
\BOOKMARK [2][-]{subsection.2.4.2}{\376\377\000E\000m\000e\000r\000g\000e\000n\000c\000y\000\040\000V\000e\000h\000i\000c\000l\000e\000\040\000D\000e\000t\000e\000c\000t\000i\000o\000n\000\040\000S\000y\000s\000t\000e\000m\000s}{section.2.4}% 25
\BOOKMARK [1][-]{section.2.5}{\376\377\000I\000o\000T\000-\000E\000n\000a\000b\000l\000e\000d\000\040\000T\000r\000a\000f\000f\000i\000c\000\040\000M\000a\000n\000a\000g\000e\000m\000e\000n\000t}{chapter.2}% 26
\BOOKMARK [2][-]{subsection.2.5.1}{\376\377\000I\000n\000t\000e\000r\000n\000e\000t\000\040\000o\000f\000\040\000T\000h\000i\000n\000g\000s\000\040\000i\000n\000\040\000T\000r\000a\000n\000s\000p\000o\000r\000t\000a\000t\000i\000o\000n}{section.2.5}% 27
\BOOKMARK [2][-]{subsection.2.5.2}{\376\377\000C\000o\000n\000n\000e\000c\000t\000e\000d\000\040\000V\000e\000h\000i\000c\000l\000e\000\040\000S\000y\000s\000t\000e\000m\000s}{section.2.5}% 28
\BOOKMARK [1][-]{section.2.6}{\376\377\000T\000r\000a\000f\000f\000i\000c\000\040\000M\000a\000n\000a\000g\000e\000m\000e\000n\000t\000\040\000i\000n\000\040\000D\000e\000v\000e\000l\000o\000p\000i\000n\000g\000\040\000C\000o\000u\000n\000t\000r\000i\000e\000s}{chapter.2}% 29
\BOOKMARK [2][-]{subsection.2.6.1}{\376\377\000C\000h\000a\000l\000l\000e\000n\000g\000e\000s\000\040\000i\000n\000\040\000D\000e\000v\000e\000l\000o\000p\000i\000n\000g\000\040\000U\000r\000b\000a\000n\000\040\000A\000r\000e\000a\000s}{section.2.6}% 30
\BOOKMARK [2][-]{subsection.2.6.2}{\376\377\000A\000d\000a\000p\000t\000i\000v\000e\000\040\000S\000o\000l\000u\000t\000i\000o\000n\000s\000\040\000f\000o\000r\000\040\000D\000e\000v\000e\000l\000o\000p\000i\000n\000g\000\040\000C\000o\000u\000n\000t\000r\000i\000e\000s}{section.2.6}% 31
\BOOKMARK [1][-]{section.2.7}{\376\377\000P\000e\000r\000f\000o\000r\000m\000a\000n\000c\000e\000\040\000E\000v\000a\000l\000u\000a\000t\000i\000o\000n\000\040\000i\000n\000\040\000T\000r\000a\000f\000f\000i\000c\000\040\000M\000a\000n\000a\000g\000e\000m\000e\000n\000t}{chapter.2}% 32
\BOOKMARK [2][-]{subsection.2.7.1}{\376\377\000M\000e\000t\000r\000i\000c\000s\000\040\000a\000n\000d\000\040\000E\000v\000a\000l\000u\000a\000t\000i\000o\000n\000\040\000C\000r\000i\000t\000e\000r\000i\000a}{section.2.7}% 33
\BOOKMARK [2][-]{subsection.2.7.2}{\376\377\000S\000i\000m\000u\000l\000a\000t\000i\000o\000n\000\040\000v\000s\000.\000\040\000R\000e\000a\000l\000-\000W\000o\000r\000l\000d\000\040\000T\000e\000s\000t\000i\000n\000g}{section.2.7}% 34
\BOOKMARK [1][-]{section.2.8}{\376\377\000R\000e\000s\000e\000a\000r\000c\000h\000\040\000G\000a\000p\000s\000\040\000a\000n\000d\000\040\000O\000p\000p\000o\000r\000t\000u\000n\000i\000t\000i\000e\000s}{chapter.2}% 35
\BOOKMARK [2][-]{subsection.2.8.1}{\376\377\000I\000d\000e\000n\000t\000i\000f\000i\000e\000d\000\040\000R\000e\000s\000e\000a\000r\000c\000h\000\040\000G\000a\000p\000s}{section.2.8}% 36
\BOOKMARK [2][-]{subsection.2.8.2}{\376\377\000O\000p\000p\000o\000r\000t\000u\000n\000i\000t\000i\000e\000s\000\040\000f\000o\000r\000\040\000I\000n\000n\000o\000v\000a\000t\000i\000o\000n}{section.2.8}% 37
\BOOKMARK [1][-]{section.2.9}{\376\377\000P\000o\000s\000i\000t\000i\000o\000n\000i\000n\000g\000\040\000o\000f\000\040\000C\000u\000r\000r\000e\000n\000t\000\040\000R\000e\000s\000e\000a\000r\000c\000h}{chapter.2}% 38
\BOOKMARK [1][-]{section.2.10}{\376\377\000S\000u\000m\000m\000a\000r\000y}{chapter.2}% 39
\BOOKMARK [0][-]{chapter.3}{\376\377\000M\000e\000t\000h\000o\000d\000o\000l\000o\000g\000y}{}% 40
\BOOKMARK [1][-]{section.3.1}{\376\377\000I\000n\000t\000r\000o\000d\000u\000c\000t\000i\000o\000n}{chapter.3}% 41
\BOOKMARK [1][-]{section.3.2}{\376\377\000R\000e\000s\000e\000a\000r\000c\000h\000\040\000D\000e\000s\000i\000g\000n\000\040\000a\000n\000d\000\040\000A\000p\000p\000r\000o\000a\000c\000h}{chapter.3}% 42
\BOOKMARK [2][-]{subsection.3.2.1}{\376\377\000O\000v\000e\000r\000a\000l\000l\000\040\000R\000e\000s\000e\000a\000r\000c\000h\000\040\000F\000r\000a\000m\000e\000w\000o\000r\000k}{section.3.2}% 43
\BOOKMARK [2][-]{subsection.3.2.2}{\376\377\000R\000e\000s\000e\000a\000r\000c\000h\000\040\000M\000e\000t\000h\000o\000d\000o\000l\000o\000g\000y\000\040\000T\000y\000p\000e}{section.3.2}% 44
\BOOKMARK [1][-]{section.3.3}{\376\377\000D\000a\000t\000a\000\040\000C\000o\000l\000l\000e\000c\000t\000i\000o\000n\000\040\000M\000e\000t\000h\000o\000d\000o\000l\000o\000g\000y}{chapter.3}% 45
\BOOKMARK [2][-]{subsection.3.3.1}{\376\377\000D\000a\000t\000a\000\040\000C\000o\000l\000l\000e\000c\000t\000i\000o\000n\000\040\000S\000t\000r\000a\000t\000e\000g\000y}{section.3.3}% 46
\BOOKMARK [2][-]{subsection.3.3.2}{\376\377\000D\000a\000t\000a\000\040\000C\000o\000l\000l\000e\000c\000t\000i\000o\000n\000\040\000S\000i\000t\000e\000s}{section.3.3}% 47
\BOOKMARK [2][-]{subsection.3.3.3}{\376\377\000D\000a\000t\000a\000\040\000C\000o\000l\000l\000e\000c\000t\000i\000o\000n\000\040\000P\000r\000o\000c\000e\000s\000s}{section.3.3}% 48
\BOOKMARK [2][-]{subsection.3.3.4}{\376\377\000D\000a\000t\000a\000s\000e\000t\000\040\000C\000o\000m\000p\000o\000s\000i\000t\000i\000o\000n}{section.3.3}% 49
\BOOKMARK [1][-]{section.3.4}{\376\377\000D\000a\000t\000a\000\040\000P\000r\000e\000p\000r\000o\000c\000e\000s\000s\000i\000n\000g\000\040\000a\000n\000d\000\040\000A\000n\000n\000o\000t\000a\000t\000i\000o\000n}{chapter.3}% 50
\BOOKMARK [2][-]{subsection.3.4.1}{\376\377\000I\000m\000a\000g\000e\000\040\000P\000r\000e\000p\000r\000o\000c\000e\000s\000s\000i\000n\000g}{section.3.4}% 51
\BOOKMARK [2][-]{subsection.3.4.2}{\376\377\000A\000n\000n\000o\000t\000a\000t\000i\000o\000n\000\040\000P\000r\000o\000c\000e\000s\000s}{section.3.4}% 52
\BOOKMARK [1][-]{section.3.5}{\376\377\000M\000a\000c\000h\000i\000n\000e\000\040\000L\000e\000a\000r\000n\000i\000n\000g\000\040\000M\000o\000d\000e\000l\000\040\000D\000e\000v\000e\000l\000o\000p\000m\000e\000n\000t}{chapter.3}% 53
\BOOKMARK [2][-]{subsection.3.5.1}{\376\377\000Y\000O\000L\000O\000v\0001\0001\000\040\000A\000r\000c\000h\000i\000t\000e\000c\000t\000u\000r\000e\000\040\000S\000e\000l\000e\000c\000t\000i\000o\000n}{section.3.5}% 54
\BOOKMARK [2][-]{subsection.3.5.2}{\376\377\000M\000o\000d\000e\000l\000\040\000T\000r\000a\000i\000n\000i\000n\000g\000\040\000S\000t\000r\000a\000t\000e\000g\000y}{section.3.5}% 55
\BOOKMARK [2][-]{subsection.3.5.3}{\376\377\000M\000o\000d\000e\000l\000\040\000O\000p\000t\000i\000m\000i\000z\000a\000t\000i\000o\000n}{section.3.5}% 56
\BOOKMARK [1][-]{section.3.6}{\376\377\000S\000y\000s\000t\000e\000m\000\040\000A\000r\000c\000h\000i\000t\000e\000c\000t\000u\000r\000e\000\040\000D\000e\000s\000i\000g\000n}{chapter.3}% 57
\BOOKMARK [2][-]{subsection.3.6.1}{\376\377\000O\000v\000e\000r\000a\000l\000l\000\040\000S\000y\000s\000t\000e\000m\000\040\000A\000r\000c\000h\000i\000t\000e\000c\000t\000u\000r\000e}{section.3.6}% 58
\BOOKMARK [2][-]{subsection.3.6.2}{\376\377\000A\000l\000g\000o\000r\000i\000t\000h\000m\000\040\000D\000e\000s\000i\000g\000n}{section.3.6}% 59
\BOOKMARK [2][-]{subsection.3.6.3}{\376\377\000I\000o\000T\000\040\000I\000n\000t\000e\000g\000r\000a\000t\000i\000o\000n\000\040\000A\000r\000c\000h\000i\000t\000e\000c\000t\000u\000r\000e}{section.3.6}% 60
\BOOKMARK [1][-]{section.3.7}{\376\377\000E\000v\000a\000l\000u\000a\000t\000i\000o\000n\000\040\000M\000e\000t\000h\000o\000d\000o\000l\000o\000g\000y}{chapter.3}% 61
\BOOKMARK [2][-]{subsection.3.7.1}{\376\377\000P\000e\000r\000f\000o\000r\000m\000a\000n\000c\000e\000\040\000M\000e\000t\000r\000i\000c\000s}{section.3.7}% 62
\BOOKMARK [2][-]{subsection.3.7.2}{\376\377\000E\000x\000p\000e\000r\000i\000m\000e\000n\000t\000a\000l\000\040\000S\000e\000t\000u\000p}{section.3.7}% 63
\BOOKMARK [2][-]{subsection.3.7.3}{\376\377\000E\000v\000a\000l\000u\000a\000t\000i\000o\000n\000\040\000A\000p\000p\000r\000o\000a\000c\000h}{section.3.7}% 64
\BOOKMARK [1][-]{section.3.8}{\376\377\000E\000t\000h\000i\000c\000a\000l\000\040\000C\000o\000n\000s\000i\000d\000e\000r\000a\000t\000i\000o\000n\000s}{chapter.3}% 65
\BOOKMARK [2][-]{subsection.3.8.1}{\376\377\000P\000r\000i\000v\000a\000c\000y\000\040\000P\000r\000o\000t\000e\000c\000t\000i\000o\000n}{section.3.8}% 66
\BOOKMARK [2][-]{subsection.3.8.2}{\376\377\000R\000e\000g\000u\000l\000a\000t\000o\000r\000y\000\040\000C\000o\000m\000p\000l\000i\000a\000n\000c\000e}{section.3.8}% 67
\BOOKMARK [1][-]{section.3.9}{\376\377\000S\000u\000m\000m\000a\000r\000y}{chapter.3}% 68
\BOOKMARK [0][-]{chapter.4}{\376\377\000S\000y\000s\000t\000e\000m\000\040\000D\000e\000s\000i\000g\000n}{}% 69
\BOOKMARK [1][-]{section.4.1}{\376\377\000I\000n\000t\000r\000o\000d\000u\000c\000t\000i\000o\000n}{chapter.4}% 70
\BOOKMARK [1][-]{section.4.2}{\376\377\000S\000y\000s\000t\000e\000m\000\040\000A\000r\000c\000h\000i\000t\000e\000c\000t\000u\000r\000e\000\040\000O\000v\000e\000r\000v\000i\000e\000w}{chapter.4}% 71
\BOOKMARK [2][-]{subsection.4.2.1}{\376\377\000H\000i\000g\000h\000-\000L\000e\000v\000e\000l\000\040\000A\000r\000c\000h\000i\000t\000e\000c\000t\000u\000r\000e}{section.4.2}% 72
\BOOKMARK [2][-]{subsection.4.2.2}{\376\377\000S\000y\000s\000t\000e\000m\000\040\000C\000o\000m\000p\000o\000n\000e\000n\000t\000s}{section.4.2}% 73
\BOOKMARK [1][-]{section.4.3}{\376\377\000D\000a\000t\000a\000\040\000A\000c\000q\000u\000i\000s\000i\000t\000i\000o\000n\000\040\000L\000a\000y\000e\000r}{chapter.4}% 74
\BOOKMARK [2][-]{subsection.4.3.1}{\376\377\000V\000i\000d\000e\000o\000\040\000C\000a\000p\000t\000u\000r\000e\000\040\000M\000o\000d\000u\000l\000e}{section.4.3}% 75
\BOOKMARK [2][-]{subsection.4.3.2}{\376\377\000D\000a\000t\000a\000\040\000P\000r\000e\000p\000r\000o\000c\000e\000s\000s\000i\000n\000g\000\040\000M\000o\000d\000u\000l\000e}{section.4.3}% 76
\BOOKMARK [1][-]{section.4.4}{\376\377\000P\000r\000o\000c\000e\000s\000s\000i\000n\000g\000\040\000L\000a\000y\000e\000r}{chapter.4}% 77
\BOOKMARK [2][-]{subsection.4.4.1}{\376\377\000O\000b\000j\000e\000c\000t\000\040\000D\000e\000t\000e\000c\000t\000i\000o\000n\000\040\000M\000o\000d\000u\000l\000e}{section.4.4}% 78
\BOOKMARK [2][-]{subsection.4.4.2}{\376\377\000T\000r\000a\000f\000f\000i\000c\000\040\000A\000n\000a\000l\000y\000s\000i\000s\000\040\000M\000o\000d\000u\000l\000e}{section.4.4}% 79
\BOOKMARK [2][-]{subsection.4.4.3}{\376\377\000D\000e\000c\000i\000s\000i\000o\000n\000\040\000E\000n\000g\000i\000n\000e}{section.4.4}% 80
\BOOKMARK [1][-]{section.4.5}{\376\377\000C\000o\000n\000t\000r\000o\000l\000\040\000L\000a\000y\000e\000r}{chapter.4}% 81
\BOOKMARK [2][-]{subsection.4.5.1}{\376\377\000H\000a\000r\000d\000w\000a\000r\000e\000\040\000I\000n\000t\000e\000r\000f\000a\000c\000e\000\040\000M\000o\000d\000u\000l\000e}{section.4.5}% 82
\BOOKMARK [2][-]{subsection.4.5.2}{\376\377\000C\000o\000m\000m\000u\000n\000i\000c\000a\000t\000i\000o\000n\000\040\000P\000r\000o\000t\000o\000c\000o\000l\000s}{section.4.5}% 83
\BOOKMARK [1][-]{section.4.6}{\376\377\000S\000y\000s\000t\000e\000m\000\040\000I\000n\000t\000e\000g\000r\000a\000t\000i\000o\000n}{chapter.4}% 84
\BOOKMARK [2][-]{subsection.4.6.1}{\376\377\000D\000a\000t\000a\000\040\000F\000l\000o\000w\000\040\000A\000r\000c\000h\000i\000t\000e\000c\000t\000u\000r\000e}{section.4.6}% 85
\BOOKMARK [2][-]{subsection.4.6.2}{\376\377\000M\000e\000s\000s\000a\000g\000e\000\040\000P\000a\000s\000s\000i\000n\000g\000\040\000S\000y\000s\000t\000e\000m}{section.4.6}% 86
\BOOKMARK [1][-]{section.4.7}{\376\377\000P\000e\000r\000f\000o\000r\000m\000a\000n\000c\000e\000\040\000O\000p\000t\000i\000m\000i\000z\000a\000t\000i\000o\000n}{chapter.4}% 87
\BOOKMARK [2][-]{subsection.4.7.1}{\376\377\000R\000e\000a\000l\000-\000T\000i\000m\000e\000\040\000P\000r\000o\000c\000e\000s\000s\000i\000n\000g\000\040\000O\000p\000t\000i\000m\000i\000z\000a\000t\000i\000o\000n}{section.4.7}% 88
\BOOKMARK [2][-]{subsection.4.7.2}{\376\377\000M\000e\000m\000o\000r\000y\000\040\000M\000a\000n\000a\000g\000e\000m\000e\000n\000t}{section.4.7}% 89
\BOOKMARK [1][-]{section.4.8}{\376\377\000F\000a\000u\000l\000t\000\040\000T\000o\000l\000e\000r\000a\000n\000c\000e\000\040\000a\000n\000d\000\040\000R\000e\000l\000i\000a\000b\000i\000l\000i\000t\000y}{chapter.4}% 90
\BOOKMARK [2][-]{subsection.4.8.1}{\376\377\000R\000e\000d\000u\000n\000d\000a\000n\000c\000y\000\040\000M\000e\000c\000h\000a\000n\000i\000s\000m\000s}{section.4.8}% 91
\BOOKMARK [2][-]{subsection.4.8.2}{\376\377\000E\000r\000r\000o\000r\000\040\000H\000a\000n\000d\000l\000i\000n\000g}{section.4.8}% 92
\BOOKMARK [1][-]{section.4.9}{\376\377\000S\000e\000c\000u\000r\000i\000t\000y\000\040\000a\000n\000d\000\040\000P\000r\000i\000v\000a\000c\000y}{chapter.4}% 93
\BOOKMARK [2][-]{subsection.4.9.1}{\376\377\000D\000a\000t\000a\000\040\000S\000e\000c\000u\000r\000i\000t\000y}{section.4.9}% 94
\BOOKMARK [2][-]{subsection.4.9.2}{\376\377\000P\000r\000i\000v\000a\000c\000y\000\040\000P\000r\000o\000t\000e\000c\000t\000i\000o\000n}{section.4.9}% 95
\BOOKMARK [1][-]{section.4.10}{\376\377\000S\000c\000a\000l\000a\000b\000i\000l\000i\000t\000y\000\040\000a\000n\000d\000\040\000E\000x\000t\000e\000n\000s\000i\000b\000i\000l\000i\000t\000y}{chapter.4}% 96
\BOOKMARK [2][-]{subsection.4.10.1}{\376\377\000S\000c\000a\000l\000a\000b\000i\000l\000i\000t\000y\000\040\000F\000e\000a\000t\000u\000r\000e\000s}{section.4.10}% 97
\BOOKMARK [2][-]{subsection.4.10.2}{\376\377\000E\000x\000t\000e\000n\000s\000i\000b\000i\000l\000i\000t\000y\000\040\000O\000p\000t\000i\000o\000n\000s}{section.4.10}% 98
\BOOKMARK [1][-]{section.4.11}{\376\377\000S\000u\000m\000m\000a\000r\000y}{chapter.4}% 99
\BOOKMARK [0][-]{chapter.5}{\376\377\000I\000m\000p\000l\000e\000m\000e\000n\000t\000a\000t\000i\000o\000n}{}% 100
\BOOKMARK [1][-]{section.5.1}{\376\377\000I\000n\000t\000r\000o\000d\000u\000c\000t\000i\000o\000n}{chapter.5}% 101
\BOOKMARK [1][-]{section.5.2}{\376\377\000D\000e\000v\000e\000l\000o\000p\000m\000e\000n\000t\000\040\000E\000n\000v\000i\000r\000o\000n\000m\000e\000n\000t}{chapter.5}% 102
\BOOKMARK [2][-]{subsection.5.2.1}{\376\377\000H\000a\000r\000d\000w\000a\000r\000e\000\040\000E\000n\000v\000i\000r\000o\000n\000m\000e\000n\000t}{section.5.2}% 103
\BOOKMARK [2][-]{subsection.5.2.2}{\376\377\000S\000o\000f\000t\000w\000a\000r\000e\000\040\000E\000n\000v\000i\000r\000o\000n\000m\000e\000n\000t}{section.5.2}% 104
\BOOKMARK [1][-]{section.5.3}{\376\377\000Y\000O\000L\000O\000v\0001\0001\000\040\000M\000o\000d\000e\000l\000\040\000I\000m\000p\000l\000e\000m\000e\000n\000t\000a\000t\000i\000o\000n}{chapter.5}% 105
\BOOKMARK [2][-]{subsection.5.3.1}{\376\377\000T\000r\000a\000i\000n\000i\000n\000g\000\040\000C\000o\000n\000f\000i\000g\000u\000r\000a\000t\000i\000o\000n}{section.5.3}% 106
\BOOKMARK [2][-]{subsection.5.3.2}{\376\377\000D\000a\000t\000a\000\040\000P\000r\000e\000p\000r\000o\000c\000e\000s\000s\000i\000n\000g}{section.5.3}% 107
\BOOKMARK [1][-]{section.5.4}{\376\377\000S\000y\000s\000t\000e\000m\000\040\000A\000r\000c\000h\000i\000t\000e\000c\000t\000u\000r\000e\000\040\000I\000m\000p\000l\000e\000m\000e\000n\000t\000a\000t\000i\000o\000n}{chapter.5}% 108
\BOOKMARK [2][-]{subsection.5.4.1}{\376\377\000C\000o\000r\000e\000\040\000C\000o\000m\000p\000o\000n\000e\000n\000t\000s}{section.5.4}% 109
\BOOKMARK [2][-]{subsection.5.4.2}{\376\377\000E\000m\000e\000r\000g\000e\000n\000c\000y\000\040\000V\000e\000h\000i\000c\000l\000e\000\040\000P\000r\000i\000o\000r\000i\000t\000i\000z\000a\000t\000i\000o\000n}{section.5.4}% 110
\BOOKMARK [1][-]{section.5.5}{\376\377\000I\000o\000T\000\040\000H\000a\000r\000d\000w\000a\000r\000e\000\040\000I\000n\000t\000e\000g\000r\000a\000t\000i\000o\000n}{chapter.5}% 111
\BOOKMARK [2][-]{subsection.5.5.1}{\376\377\000M\000i\000c\000r\000o\000c\000o\000n\000t\000r\000o\000l\000l\000e\000r\000\040\000S\000u\000p\000p\000o\000r\000t}{section.5.5}% 112
\BOOKMARK [2][-]{subsection.5.5.2}{\376\377\000C\000o\000m\000m\000u\000n\000i\000c\000a\000t\000i\000o\000n\000\040\000P\000r\000o\000t\000o\000c\000o\000l\000s}{section.5.5}% 113
\BOOKMARK [1][-]{section.5.6}{\376\377\000P\000e\000r\000f\000o\000r\000m\000a\000n\000c\000e\000\040\000O\000p\000t\000i\000m\000i\000z\000a\000t\000i\000o\000n}{chapter.5}% 114
\BOOKMARK [2][-]{subsection.5.6.1}{\376\377\000R\000e\000a\000l\000-\000T\000i\000m\000e\000\040\000P\000r\000o\000c\000e\000s\000s\000i\000n\000g}{section.5.6}% 115
\BOOKMARK [2][-]{subsection.5.6.2}{\376\377\000L\000a\000t\000e\000n\000c\000y\000\040\000M\000i\000n\000i\000m\000i\000z\000a\000t\000i\000o\000n}{section.5.6}% 116
\BOOKMARK [1][-]{section.5.7}{\376\377\000S\000e\000c\000u\000r\000i\000t\000y\000\040\000I\000m\000p\000l\000e\000m\000e\000n\000t\000a\000t\000i\000o\000n}{chapter.5}% 117
\BOOKMARK [2][-]{subsection.5.7.1}{\376\377\000D\000a\000t\000a\000\040\000S\000e\000c\000u\000r\000i\000t\000y}{section.5.7}% 118
\BOOKMARK [2][-]{subsection.5.7.2}{\376\377\000P\000r\000i\000v\000a\000c\000y\000\040\000P\000r\000o\000t\000e\000c\000t\000i\000o\000n}{section.5.7}% 119
\BOOKMARK [1][-]{section.5.8}{\376\377\000T\000e\000s\000t\000i\000n\000g\000\040\000a\000n\000d\000\040\000V\000a\000l\000i\000d\000a\000t\000i\000o\000n}{chapter.5}% 120
\BOOKMARK [2][-]{subsection.5.8.1}{\376\377\000S\000y\000s\000t\000e\000m\000\040\000T\000e\000s\000t\000i\000n\000g}{section.5.8}% 121
\BOOKMARK [2][-]{subsection.5.8.2}{\376\377\000V\000a\000l\000i\000d\000a\000t\000i\000o\000n\000\040\000M\000e\000t\000r\000i\000c\000s}{section.5.8}% 122
\BOOKMARK [1][-]{section.5.9}{\376\377\000D\000e\000p\000l\000o\000y\000m\000e\000n\000t\000\040\000S\000t\000r\000a\000t\000e\000g\000y}{chapter.5}% 123
\BOOKMARK [2][-]{subsection.5.9.1}{\376\377\000C\000o\000n\000t\000a\000i\000n\000e\000r\000i\000z\000a\000t\000i\000o\000n}{section.5.9}% 124
\BOOKMARK [2][-]{subsection.5.9.2}{\376\377\000S\000c\000a\000l\000a\000b\000i\000l\000i\000t\000y\000\040\000F\000e\000a\000t\000u\000r\000e\000s}{section.5.9}% 125
\BOOKMARK [1][-]{section.5.10}{\376\377\000S\000u\000m\000m\000a\000r\000y}{chapter.5}% 126
\BOOKMARK [0][-]{chapter.6}{\376\377\000R\000e\000s\000u\000l\000t\000s\000\040\000a\000n\000d\000\040\000A\000n\000a\000l\000y\000s\000i\000s}{}% 127
\BOOKMARK [1][-]{section.6.1}{\376\377\000D\000a\000t\000a\000s\000e\000t\000\040\000O\000v\000e\000r\000v\000i\000e\000w\000\040\000a\000n\000d\000\040\000P\000r\000e\000p\000a\000r\000a\000t\000i\000o\000n}{chapter.6}% 128
\BOOKMARK [2][-]{subsection.6.1.1}{\376\377\000D\000a\000t\000a\000s\000e\000t\000\040\000C\000o\000m\000p\000o\000s\000i\000t\000i\000o\000n}{section.6.1}% 129
\BOOKMARK [2][-]{subsection.6.1.2}{\376\377\000D\000a\000t\000a\000\040\000C\000o\000l\000l\000e\000c\000t\000i\000o\000n\000\040\000S\000t\000r\000a\000t\000e\000g\000y}{section.6.1}% 130
\BOOKMARK [1][-]{section.6.2}{\376\377\000M\000o\000d\000e\000l\000\040\000P\000e\000r\000f\000o\000r\000m\000a\000n\000c\000e\000\040\000E\000v\000a\000l\000u\000a\000t\000i\000o\000n}{chapter.6}% 131
\BOOKMARK [2][-]{subsection.6.2.1}{\376\377\000T\000r\000a\000i\000n\000i\000n\000g\000\040\000P\000r\000o\000c\000e\000s\000s\000\040\000a\000n\000d\000\040\000O\000p\000t\000i\000m\000i\000z\000a\000t\000i\000o\000n}{section.6.2}% 132
\BOOKMARK [2][-]{subsection.6.2.2}{\376\377\000C\000o\000n\000f\000u\000s\000i\000o\000n\000\040\000M\000a\000t\000r\000i\000x\000\040\000A\000n\000a\000l\000y\000s\000i\000s}{section.6.2}% 133
\BOOKMARK [2][-]{subsection.6.2.3}{\376\377\000P\000e\000r\000f\000o\000r\000m\000a\000n\000c\000e\000\040\000A\000n\000a\000l\000y\000s\000i\000s\000\040\000b\000y\000\040\000C\000a\000t\000e\000g\000o\000r\000y}{section.6.2}% 134
\BOOKMARK [1][-]{section.6.3}{\376\377\000S\000y\000s\000t\000e\000m\000\040\000P\000e\000r\000f\000o\000r\000m\000a\000n\000c\000e\000\040\000M\000e\000t\000r\000i\000c\000s}{chapter.6}% 135
\BOOKMARK [2][-]{subsection.6.3.1}{\376\377\000T\000r\000a\000f\000f\000i\000c\000\040\000F\000l\000o\000w\000\040\000O\000p\000t\000i\000m\000i\000z\000a\000t\000i\000o\000n\000\040\000R\000e\000s\000u\000l\000t\000s}{section.6.3}% 136
\BOOKMARK [2][-]{subsection.6.3.2}{\376\377\000E\000m\000e\000r\000g\000e\000n\000c\000y\000\040\000V\000e\000h\000i\000c\000l\000e\000\040\000R\000e\000s\000p\000o\000n\000s\000e\000\040\000T\000i\000m\000e\000\040\000A\000n\000a\000l\000y\000s\000i\000s}{section.6.3}% 137
\BOOKMARK [2][-]{subsection.6.3.3}{\376\377\000L\000a\000n\000e\000\040\000S\000t\000a\000r\000v\000a\000t\000i\000o\000n\000\040\000P\000r\000e\000v\000e\000n\000t\000i\000o\000n}{section.6.3}% 138
\BOOKMARK [1][-]{section.6.4}{\376\377\000R\000e\000a\000l\000-\000W\000o\000r\000l\000d\000\040\000I\000m\000p\000l\000e\000m\000e\000n\000t\000a\000t\000i\000o\000n\000\040\000R\000e\000s\000u\000l\000t\000s}{chapter.6}% 139
\BOOKMARK [2][-]{subsection.6.4.1}{\376\377\000D\000e\000p\000l\000o\000y\000m\000e\000n\000t\000\040\000L\000o\000c\000a\000t\000i\000o\000n\000s\000\040\000a\000n\000d\000\040\000S\000e\000t\000u\000p}{section.6.4}% 140
\BOOKMARK [2][-]{subsection.6.4.2}{\376\377\000S\000y\000s\000t\000e\000m\000\040\000R\000e\000l\000i\000a\000b\000i\000l\000i\000t\000y\000\040\000a\000n\000d\000\040\000U\000p\000t\000i\000m\000e}{section.6.4}% 141
\BOOKMARK [2][-]{subsection.6.4.3}{\376\377\000U\000s\000e\000r\000\040\000S\000a\000t\000i\000s\000f\000a\000c\000t\000i\000o\000n\000\040\000a\000n\000d\000\040\000F\000e\000e\000d\000b\000a\000c\000k}{section.6.4}% 142
\BOOKMARK [1][-]{section.6.5}{\376\377\000E\000c\000o\000n\000o\000m\000i\000c\000\040\000I\000m\000p\000a\000c\000t\000\040\000A\000n\000a\000l\000y\000s\000i\000s}{chapter.6}% 143
\BOOKMARK [2][-]{subsection.6.5.1}{\376\377\000C\000o\000s\000t\000-\000B\000e\000n\000e\000f\000i\000t\000\040\000A\000n\000a\000l\000y\000s\000i\000s}{section.6.5}% 144
\BOOKMARK [2][-]{subsection.6.5.2}{\376\377\000E\000n\000v\000i\000r\000o\000n\000m\000e\000n\000t\000a\000l\000\040\000I\000m\000p\000a\000c\000t}{section.6.5}% 145
\BOOKMARK [1][-]{section.6.6}{\376\377\000C\000o\000m\000p\000a\000r\000a\000t\000i\000v\000e\000\040\000A\000n\000a\000l\000y\000s\000i\000s}{chapter.6}% 146
\BOOKMARK [2][-]{subsection.6.6.1}{\376\377\000C\000o\000m\000p\000a\000r\000i\000s\000o\000n\000\040\000w\000i\000t\000h\000\040\000T\000r\000a\000d\000i\000t\000i\000o\000n\000a\000l\000\040\000S\000y\000s\000t\000e\000m\000s}{section.6.6}% 147
\BOOKMARK [2][-]{subsection.6.6.2}{\376\377\000C\000o\000m\000p\000a\000r\000i\000s\000o\000n\000\040\000w\000i\000t\000h\000\040\000O\000t\000h\000e\000r\000\040\000I\000n\000t\000e\000l\000l\000i\000g\000e\000n\000t\000\040\000S\000y\000s\000t\000e\000m\000s}{section.6.6}% 148
\BOOKMARK [1][-]{section.6.7}{\376\377\000C\000h\000a\000p\000t\000e\000r\000\040\000S\000u\000m\000m\000a\000r\000y}{chapter.6}% 149
\BOOKMARK [0][-]{chapter.7}{\376\377\000D\000i\000s\000c\000u\000s\000s\000i\000o\000n}{}% 150
\BOOKMARK [1][-]{section.7.1}{\376\377\000A\000n\000a\000l\000y\000s\000i\000s\000\040\000o\000f\000\040\000K\000e\000y\000\040\000F\000i\000n\000d\000i\000n\000g\000s}{chapter.7}% 151
\BOOKMARK [2][-]{subsection.7.1.1}{\376\377\000M\000a\000c\000h\000i\000n\000e\000\040\000L\000e\000a\000r\000n\000i\000n\000g\000\040\000M\000o\000d\000e\000l\000\040\000P\000e\000r\000f\000o\000r\000m\000a\000n\000c\000e}{section.7.1}% 152
\BOOKMARK [2][-]{subsection.7.1.2}{\376\377\000T\000r\000a\000f\000f\000i\000c\000\040\000F\000l\000o\000w\000\040\000O\000p\000t\000i\000m\000i\000z\000a\000t\000i\000o\000n\000\040\000I\000m\000p\000a\000c\000t}{section.7.1}% 153
\BOOKMARK [2][-]{subsection.7.1.3}{\376\377\000E\000m\000e\000r\000g\000e\000n\000c\000y\000\040\000V\000e\000h\000i\000c\000l\000e\000\040\000P\000r\000i\000o\000r\000i\000t\000i\000z\000a\000t\000i\000o\000n\000\040\000S\000u\000c\000c\000e\000s\000s}{section.7.1}% 154
\BOOKMARK [1][-]{section.7.2}{\376\377\000I\000m\000p\000l\000i\000c\000a\000t\000i\000o\000n\000s\000\040\000f\000o\000r\000\040\000U\000r\000b\000a\000n\000\040\000T\000r\000a\000f\000f\000i\000c\000\040\000M\000a\000n\000a\000g\000e\000m\000e\000n\000t}{chapter.7}% 155
\BOOKMARK [2][-]{subsection.7.2.1}{\376\377\000T\000e\000c\000h\000n\000o\000l\000o\000g\000y\000\040\000I\000n\000t\000e\000g\000r\000a\000t\000i\000o\000n\000\040\000i\000n\000\040\000D\000e\000v\000e\000l\000o\000p\000i\000n\000g\000\040\000C\000i\000t\000i\000e\000s}{section.7.2}% 156
\BOOKMARK [2][-]{subsection.7.2.2}{\376\377\000E\000c\000o\000n\000o\000m\000i\000c\000\040\000V\000i\000a\000b\000i\000l\000i\000t\000y\000\040\000a\000n\000d\000\040\000S\000u\000s\000t\000a\000i\000n\000a\000b\000i\000l\000i\000t\000y}{section.7.2}% 157
\BOOKMARK [2][-]{subsection.7.2.3}{\376\377\000S\000c\000a\000l\000a\000b\000i\000l\000i\000t\000y\000\040\000C\000o\000n\000s\000i\000d\000e\000r\000a\000t\000i\000o\000n\000s}{section.7.2}% 158
\BOOKMARK [1][-]{section.7.3}{\376\377\000L\000i\000m\000i\000t\000a\000t\000i\000o\000n\000s\000\040\000a\000n\000d\000\040\000C\000h\000a\000l\000l\000e\000n\000g\000e\000s}{chapter.7}% 159
\BOOKMARK [2][-]{subsection.7.3.1}{\376\377\000D\000a\000t\000a\000s\000e\000t\000\040\000L\000i\000m\000i\000t\000a\000t\000i\000o\000n\000s}{section.7.3}% 160
\BOOKMARK [2][-]{subsection.7.3.2}{\376\377\000T\000e\000c\000h\000n\000i\000c\000a\000l\000\040\000L\000i\000m\000i\000t\000a\000t\000i\000o\000n\000s}{section.7.3}% 161
\BOOKMARK [2][-]{subsection.7.3.3}{\376\377\000I\000m\000p\000l\000e\000m\000e\000n\000t\000a\000t\000i\000o\000n\000\040\000C\000h\000a\000l\000l\000e\000n\000g\000e\000s}{section.7.3}% 162
\BOOKMARK [1][-]{section.7.4}{\376\377\000C\000o\000m\000p\000a\000r\000i\000s\000o\000n\000\040\000w\000i\000t\000h\000\040\000G\000l\000o\000b\000a\000l\000\040\000B\000e\000s\000t\000\040\000P\000r\000a\000c\000t\000i\000c\000e\000s}{chapter.7}% 163
\BOOKMARK [2][-]{subsection.7.4.1}{\376\377\000P\000e\000r\000f\000o\000r\000m\000a\000n\000c\000e\000\040\000B\000e\000n\000c\000h\000m\000a\000r\000k\000i\000n\000g}{section.7.4}% 164
\BOOKMARK [2][-]{subsection.7.4.2}{\376\377\000A\000d\000a\000p\000t\000a\000t\000i\000o\000n\000\040\000t\000o\000\040\000L\000o\000c\000a\000l\000\040\000C\000o\000n\000d\000i\000t\000i\000o\000n\000s}{section.7.4}% 165
\BOOKMARK [1][-]{section.7.5}{\376\377\000C\000o\000n\000t\000r\000i\000b\000u\000t\000i\000o\000n\000s\000\040\000t\000o\000\040\000t\000h\000e\000\040\000F\000i\000e\000l\000d}{chapter.7}% 166
\BOOKMARK [2][-]{subsection.7.5.1}{\376\377\000T\000h\000e\000o\000r\000e\000t\000i\000c\000a\000l\000\040\000C\000o\000n\000t\000r\000i\000b\000u\000t\000i\000o\000n\000s}{section.7.5}% 167
\BOOKMARK [2][-]{subsection.7.5.2}{\376\377\000P\000r\000a\000c\000t\000i\000c\000a\000l\000\040\000C\000o\000n\000t\000r\000i\000b\000u\000t\000i\000o\000n\000s}{section.7.5}% 168
\BOOKMARK [2][-]{subsection.7.5.3}{\376\377\000M\000e\000t\000h\000o\000d\000o\000l\000o\000g\000i\000c\000a\000l\000\040\000C\000o\000n\000t\000r\000i\000b\000u\000t\000i\000o\000n\000s}{section.7.5}% 169
\BOOKMARK [1][-]{section.7.6}{\376\377\000F\000u\000t\000u\000r\000e\000\040\000R\000e\000s\000e\000a\000r\000c\000h\000\040\000D\000i\000r\000e\000c\000t\000i\000o\000n\000s}{chapter.7}% 170
\BOOKMARK [2][-]{subsection.7.6.1}{\376\377\000T\000e\000c\000h\000n\000i\000c\000a\000l\000\040\000E\000n\000h\000a\000n\000c\000e\000m\000e\000n\000t\000s}{section.7.6}% 171
\BOOKMARK [2][-]{subsection.7.6.2}{\376\377\000S\000y\000s\000t\000e\000m\000\040\000I\000n\000t\000e\000g\000r\000a\000t\000i\000o\000n}{section.7.6}% 172
\BOOKMARK [2][-]{subsection.7.6.3}{\376\377\000E\000v\000a\000l\000u\000a\000t\000i\000o\000n\000\040\000a\000n\000d\000\040\000V\000a\000l\000i\000d\000a\000t\000i\000o\000n}{section.7.6}% 173
\BOOKMARK [1][-]{section.7.7}{\376\377\000P\000o\000l\000i\000c\000y\000\040\000a\000n\000d\000\040\000I\000m\000p\000l\000e\000m\000e\000n\000t\000a\000t\000i\000o\000n\000\040\000I\000m\000p\000l\000i\000c\000a\000t\000i\000o\000n\000s}{chapter.7}% 174
\BOOKMARK [2][-]{subsection.7.7.1}{\376\377\000R\000e\000g\000u\000l\000a\000t\000o\000r\000y\000\040\000C\000o\000n\000s\000i\000d\000e\000r\000a\000t\000i\000o\000n\000s}{section.7.7}% 175
\BOOKMARK [2][-]{subsection.7.7.2}{\376\377\000I\000m\000p\000l\000e\000m\000e\000n\000t\000a\000t\000i\000o\000n\000\040\000S\000t\000r\000a\000t\000e\000g\000y}{section.7.7}% 176
\BOOKMARK [1][-]{section.7.8}{\376\377\000C\000h\000a\000p\000t\000e\000r\000\040\000S\000u\000m\000m\000a\000r\000y}{chapter.7}% 177
\BOOKMARK [0][-]{chapter.8}{\376\377\000C\000o\000n\000c\000l\000u\000s\000i\000o\000n\000\040\000a\000n\000d\000\040\000F\000u\000t\000u\000r\000e\000\040\000W\000o\000r\000k}{}% 178
\BOOKMARK [1][-]{section.8.1}{\376\377\000R\000e\000s\000e\000a\000r\000c\000h\000\040\000S\000u\000m\000m\000a\000r\000y}{chapter.8}% 179
\BOOKMARK [2][-]{subsection.8.1.1}{\376\377\000P\000r\000o\000b\000l\000e\000m\000\040\000S\000t\000a\000t\000e\000m\000e\000n\000t\000\040\000A\000d\000d\000r\000e\000s\000s\000e\000d}{section.8.1}% 180
\BOOKMARK [2][-]{subsection.8.1.2}{\376\377\000M\000e\000t\000h\000o\000d\000o\000l\000o\000g\000y\000\040\000a\000n\000d\000\040\000A\000p\000p\000r\000o\000a\000c\000h}{section.8.1}% 181
\BOOKMARK [1][-]{section.8.2}{\376\377\000K\000e\000y\000\040\000A\000c\000h\000i\000e\000v\000e\000m\000e\000n\000t\000s\000\040\000a\000n\000d\000\040\000C\000o\000n\000t\000r\000i\000b\000u\000t\000i\000o\000n\000s}{chapter.8}% 182
\BOOKMARK [2][-]{subsection.8.2.1}{\376\377\000T\000e\000c\000h\000n\000i\000c\000a\000l\000\040\000A\000c\000h\000i\000e\000v\000e\000m\000e\000n\000t\000s}{section.8.2}% 183
\BOOKMARK [2][-]{subsection.8.2.2}{\376\377\000P\000e\000r\000f\000o\000r\000m\000a\000n\000c\000e\000\040\000I\000m\000p\000r\000o\000v\000e\000m\000e\000n\000t\000s}{section.8.2}% 184
\BOOKMARK [2][-]{subsection.8.2.3}{\376\377\000E\000c\000o\000n\000o\000m\000i\000c\000\040\000a\000n\000d\000\040\000E\000n\000v\000i\000r\000o\000n\000m\000e\000n\000t\000a\000l\000\040\000I\000m\000p\000a\000c\000t}{section.8.2}% 185
\BOOKMARK [1][-]{section.8.3}{\376\377\000T\000h\000e\000o\000r\000e\000t\000i\000c\000a\000l\000\040\000C\000o\000n\000t\000r\000i\000b\000u\000t\000i\000o\000n\000s}{chapter.8}% 186
\BOOKMARK [2][-]{subsection.8.3.1}{\376\377\000N\000o\000v\000e\000l\000\040\000I\000n\000t\000e\000g\000r\000a\000t\000i\000o\000n\000\040\000A\000p\000p\000r\000o\000a\000c\000h}{section.8.3}% 187
\BOOKMARK [2][-]{subsection.8.3.2}{\376\377\000A\000l\000g\000o\000r\000i\000t\000h\000m\000i\000c\000\040\000I\000n\000n\000o\000v\000a\000t\000i\000o\000n}{section.8.3}% 188
\BOOKMARK [2][-]{subsection.8.3.3}{\376\377\000A\000d\000a\000p\000t\000a\000t\000i\000o\000n\000\040\000t\000o\000\040\000D\000e\000v\000e\000l\000o\000p\000i\000n\000g\000\040\000U\000r\000b\000a\000n\000\040\000C\000o\000n\000t\000e\000x\000t\000s}{section.8.3}% 189
\BOOKMARK [1][-]{section.8.4}{\376\377\000P\000r\000a\000c\000t\000i\000c\000a\000l\000\040\000C\000o\000n\000t\000r\000i\000b\000u\000t\000i\000o\000n\000s}{chapter.8}% 190
\BOOKMARK [2][-]{subsection.8.4.1}{\376\377\000C\000o\000s\000t\000-\000e\000f\000f\000e\000c\000t\000i\000v\000e\000\040\000I\000m\000p\000l\000e\000m\000e\000n\000t\000a\000t\000i\000o\000n}{section.8.4}% 191
\BOOKMARK [2][-]{subsection.8.4.2}{\376\377\000C\000o\000m\000p\000r\000e\000h\000e\000n\000s\000i\000v\000e\000\040\000E\000v\000a\000l\000u\000a\000t\000i\000o\000n\000\040\000F\000r\000a\000m\000e\000w\000o\000r\000k}{section.8.4}% 192
\BOOKMARK [2][-]{subsection.8.4.3}{\376\377\000R\000e\000a\000l\000-\000w\000o\000r\000l\000d\000\040\000V\000a\000l\000i\000d\000a\000t\000i\000o\000n}{section.8.4}% 193
\BOOKMARK [1][-]{section.8.5}{\376\377\000L\000i\000m\000i\000t\000a\000t\000i\000o\000n\000s\000\040\000a\000n\000d\000\040\000C\000h\000a\000l\000l\000e\000n\000g\000e\000s}{chapter.8}% 194
\BOOKMARK [2][-]{subsection.8.5.1}{\376\377\000D\000a\000t\000a\000s\000e\000t\000\040\000C\000o\000n\000s\000t\000r\000a\000i\000n\000t\000s}{section.8.5}% 195
\BOOKMARK [2][-]{subsection.8.5.2}{\376\377\000T\000e\000c\000h\000n\000i\000c\000a\000l\000\040\000L\000i\000m\000i\000t\000a\000t\000i\000o\000n\000s}{section.8.5}% 196
\BOOKMARK [2][-]{subsection.8.5.3}{\376\377\000I\000m\000p\000l\000e\000m\000e\000n\000t\000a\000t\000i\000o\000n\000\040\000S\000c\000o\000p\000e}{section.8.5}% 197
\BOOKMARK [1][-]{section.8.6}{\376\377\000F\000u\000t\000u\000r\000e\000\040\000R\000e\000s\000e\000a\000r\000c\000h\000\040\000D\000i\000r\000e\000c\000t\000i\000o\000n\000s}{chapter.8}% 198
\BOOKMARK [2][-]{subsection.8.6.1}{\376\377\000T\000e\000c\000h\000n\000i\000c\000a\000l\000\040\000E\000n\000h\000a\000n\000c\000e\000m\000e\000n\000t\000s}{section.8.6}% 199
\BOOKMARK [2][-]{subsection.8.6.2}{\376\377\000S\000y\000s\000t\000e\000m\000\040\000I\000n\000t\000e\000g\000r\000a\000t\000i\000o\000n\000\040\000a\000n\000d\000\040\000S\000c\000a\000l\000a\000b\000i\000l\000i\000t\000y}{section.8.6}% 200
\BOOKMARK [2][-]{subsection.8.6.3}{\376\377\000A\000d\000v\000a\000n\000c\000e\000d\000\040\000R\000e\000s\000e\000a\000r\000c\000h\000\040\000A\000r\000e\000a\000s}{section.8.6}% 201
\BOOKMARK [1][-]{section.8.7}{\376\377\000P\000o\000l\000i\000c\000y\000\040\000a\000n\000d\000\040\000I\000m\000p\000l\000e\000m\000e\000n\000t\000a\000t\000i\000o\000n\000\040\000R\000e\000c\000o\000m\000m\000e\000n\000d\000a\000t\000i\000o\000n\000s}{chapter.8}% 202
\BOOKMARK [2][-]{subsection.8.7.1}{\376\377\000G\000r\000a\000d\000u\000a\000l\000\040\000I\000m\000p\000l\000e\000m\000e\000n\000t\000a\000t\000i\000o\000n\000\040\000S\000t\000r\000a\000t\000e\000g\000y}{section.8.7}% 203
\BOOKMARK [2][-]{subsection.8.7.2}{\376\377\000R\000e\000g\000u\000l\000a\000t\000o\000r\000y\000\040\000F\000r\000a\000m\000e\000w\000o\000r\000k\000\040\000D\000e\000v\000e\000l\000o\000p\000m\000e\000n\000t}{section.8.7}% 204
\BOOKMARK [2][-]{subsection.8.7.3}{\376\377\000C\000a\000p\000a\000c\000i\000t\000y\000\040\000B\000u\000i\000l\000d\000i\000n\000g}{section.8.7}% 205
\BOOKMARK [2][-]{subsection.8.7.4}{\376\377\000P\000u\000b\000l\000i\000c\000-\000P\000r\000i\000v\000a\000t\000e\000\040\000P\000a\000r\000t\000n\000e\000r\000s\000h\000i\000p\000s}{section.8.7}% 206
\BOOKMARK [1][-]{section.8.8}{\376\377\000B\000r\000o\000a\000d\000e\000r\000\040\000I\000m\000p\000l\000i\000c\000a\000t\000i\000o\000n\000s}{chapter.8}% 207
\BOOKMARK [2][-]{subsection.8.8.1}{\376\377\000D\000e\000v\000e\000l\000o\000p\000i\000n\000g\000\040\000C\000i\000t\000i\000e\000s\000\040\000A\000p\000p\000l\000i\000c\000a\000t\000i\000o\000n\000s}{section.8.8}% 208
\BOOKMARK [2][-]{subsection.8.8.2}{\376\377\000S\000u\000s\000t\000a\000i\000n\000a\000b\000l\000e\000\040\000U\000r\000b\000a\000n\000\040\000D\000e\000v\000e\000l\000o\000p\000m\000e\000n\000t}{section.8.8}% 209
\BOOKMARK [2][-]{subsection.8.8.3}{\376\377\000T\000e\000c\000h\000n\000o\000l\000o\000g\000y\000\040\000T\000r\000a\000n\000s\000f\000e\000r}{section.8.8}% 210
\BOOKMARK [1][-]{section.8.9}{\376\377\000F\000i\000n\000a\000l\000\040\000R\000e\000f\000l\000e\000c\000t\000i\000o\000n\000s}{chapter.8}% 211
\BOOKMARK [1][-]{section.8.10}{\376\377\000C\000o\000n\000c\000l\000u\000s\000i\000o\000n}{chapter.8}% 212
\BOOKMARK [0][-]{appendix.A}{\376\377\000C\000o\000d\000e\000\040\000S\000a\000m\000p\000l\000e\000s\000\040\000a\000n\000d\000\040\000T\000e\000c\000h\000n\000i\000c\000a\000l\000\040\000I\000m\000p\000l\000e\000m\000e\000n\000t\000a\000t\000i\000o\000n}{}% 213
\BOOKMARK [1][-]{section.A.1}{\376\377\000Y\000O\000L\000O\000v\0001\0001\000\040\000M\000o\000d\000e\000l\000\040\000T\000r\000a\000i\000n\000i\000n\000g\000\040\000C\000o\000d\000e}{appendix.A}% 214
\BOOKMARK [1][-]{section.A.2}{\376\377\000T\000r\000a\000f\000f\000i\000c\000\040\000C\000o\000n\000t\000r\000o\000l\000\040\000A\000l\000g\000o\000r\000i\000t\000h\000m\000\040\000I\000m\000p\000l\000e\000m\000e\000n\000t\000a\000t\000i\000o\000n}{appendix.A}% 215
\BOOKMARK [1][-]{section.A.3}{\376\377\000O\000b\000j\000e\000c\000t\000\040\000D\000e\000t\000e\000c\000t\000i\000o\000n\000\040\000a\000n\000d\000\040\000C\000l\000a\000s\000s\000i\000f\000i\000c\000a\000t\000i\000o\000n}{appendix.A}% 216
\BOOKMARK [1][-]{section.A.4}{\376\377\000H\000a\000r\000d\000w\000a\000r\000e\000\040\000I\000n\000t\000e\000g\000r\000a\000t\000i\000o\000n\000\040\000C\000o\000d\000e}{appendix.A}% 217
\BOOKMARK [1][-]{section.A.5}{\376\377\000S\000y\000s\000t\000e\000m\000\040\000C\000o\000n\000f\000i\000g\000u\000r\000a\000t\000i\000o\000n\000\040\000F\000i\000l\000e\000s}{appendix.A}% 218
\BOOKMARK [2][-]{subsection.A.5.1}{\376\377\000D\000a\000t\000a\000s\000e\000t\000\040\000C\000o\000n\000f\000i\000g\000u\000r\000a\000t\000i\000o\000n}{section.A.5}% 219
\BOOKMARK [2][-]{subsection.A.5.2}{\376\377\000S\000y\000s\000t\000e\000m\000\040\000C\000o\000n\000f\000i\000g\000u\000r\000a\000t\000i\000o\000n}{section.A.5}% 220
\BOOKMARK [1][-]{section.A.6}{\376\377\000D\000a\000t\000a\000b\000a\000s\000e\000\040\000S\000c\000h\000e\000m\000a}{appendix.A}% 221
\BOOKMARK [1][-]{section.A.7}{\376\377\000A\000P\000I\000\040\000D\000o\000c\000u\000m\000e\000n\000t\000a\000t\000i\000o\000n}{appendix.A}% 222
\BOOKMARK [2][-]{subsection.A.7.1}{\376\377\000R\000E\000S\000T\000\040\000A\000P\000I\000\040\000E\000n\000d\000p\000o\000i\000n\000t\000s}{section.A.7}% 223
\BOOKMARK [1][-]{section.A.8}{\376\377\000S\000y\000s\000t\000e\000m\000\040\000A\000r\000c\000h\000i\000t\000e\000c\000t\000u\000r\000e\000\040\000D\000i\000a\000g\000r\000a\000m\000\040\000C\000o\000d\000e}{appendix.A}% 224
